<?xml version="1.0" encoding="UTF-8"?>
<testsuite xmlns:xsi="http://www.w3.org/2001/XMLSchema-instance" xsi:noNamespaceSchemaLocation="https://maven.apache.org/surefire/maven-surefire-plugin/xsd/surefire-test-report.xsd" name="hw.calculator.calculator.CalculatorApplicationTests" time="1.85" tests="6" errors="0" skipped="0" failures="0">
  <properties>
[...]
</properties>
  <testcase name="testAdd" classname="hw.calculator.calculator.CalculatorApplicationTests" time="0.145"/>
  <testcase name="testDiv" classname="hw.calculator.calculator.CalculatorApplicationTests" time="0.002"/>
  <testcase name="testMod" classname="hw.calculator.calculator.CalculatorApplicationTests" time="0.001"/>
  <testcase name="testMul" classname="hw.calculator.calculator.CalculatorApplicationTests" time="0.002"/>
  <testcase name="testSub" classname="hw.calculator.calculator.CalculatorApplicationTests" time="0.002"/>
  <testcase name="contextLoads" classname="hw.calculator.calculator.CalculatorApplicationTests" time="0.002"/>
</testsuite>